<?xml version="1.0" encoding="UTF-8"?>
<robot generator="Robot 3.0.3 (Python 3.6.5 on win32)" generated="20180413 10:11:10.271">
<suite id="s1" name="Rf Test" source="D:\PycharmProjects\itest\guest\rf_test">
<suite id="s1-s1" name="Test If" source="D:\PycharmProjects\itest\guest\rf_test\test_if.robot">
<test id="s1-s1-t1" name="testpost">
<kw name="Create Session" library="RequestsLibrary">
<doc>Create Session: create a HTTP session to a server</doc>
<arguments>
<arg>event</arg>
<arg>http://106.14.172.174:8089/api</arg>
</arguments>
<msg timestamp="20180413 10:11:10.457" level="INFO">Creating Session using : alias=event, url=http://106.14.172.174:8089/api, headers={},                     cookies=None, auth=None, timeout=None, proxies=None, verify=False,                     debug=0 </msg>
<status status="PASS" starttime="20180413 10:11:10.456" endtime="20180413 10:11:10.457"></status>
</kw>
<kw name="Create Dictionary" library="BuiltIn">
<doc>Creates and returns a dictionary based on the given ``items``.</doc>
<arguments>
<arg>Content-Type=application/x-www-form-urlencoded</arg>
</arguments>
<assign>
<var>${headers}</var>
</assign>
<msg timestamp="20180413 10:11:10.458" level="INFO">${headers} = {'Content-Type': 'application/x-www-form-urlencoded'}</msg>
<status status="PASS" starttime="20180413 10:11:10.457" endtime="20180413 10:11:10.458"></status>
</kw>
<kw name="Create Dictionary" library="BuiltIn">
<doc>Creates and returns a dictionary based on the given ``items``.</doc>
<arguments>
<arg>eid=1</arg>
</arguments>
<assign>
<var>${payload}</var>
</assign>
<msg timestamp="20180413 10:11:10.458" level="INFO">${payload} = {'eid': '1'}</msg>
<status status="PASS" starttime="20180413 10:11:10.458" endtime="20180413 10:11:10.458"></status>
</kw>
<kw name="Post Request" library="RequestsLibrary">
<doc>Send a POST request on the session object found using the</doc>
<arguments>
<arg>event</arg>
<arg>/add_event/</arg>
<arg>data=${payload}</arg>
<arg>headers=${headers}</arg>
</arguments>
<assign>
<var>${r}</var>
</assign>
<msg timestamp="20180413 10:11:10.503" level="INFO">Post Request using : alias=event, uri=/add_event/, data=eid=1, headers={'Content-Type': 'application/x-www-form-urlencoded'}, files=None, allow_redirects=True </msg>
<msg timestamp="20180413 10:11:10.503" level="INFO">${r} = &lt;Response [200]&gt;</msg>
<status status="PASS" starttime="20180413 10:11:10.458" endtime="20180413 10:11:10.503"></status>
</kw>
<kw name="Should Be Equal As Strings" library="BuiltIn">
<doc>Fails if objects are unequal after converting them to strings.</doc>
<arguments>
<arg>${r.status_code}</arg>
<arg>200</arg>
</arguments>
<msg timestamp="20180413 10:11:10.503" level="INFO">Argument types are:
&lt;class 'int'&gt;
&lt;type 'unicode'&gt;</msg>
<status status="PASS" starttime="20180413 10:11:10.503" endtime="20180413 10:11:10.503"></status>
</kw>
<kw name="Log" library="BuiltIn">
<doc>Logs the given message with the given level.</doc>
<arguments>
<arg>${r.json()}</arg>
</arguments>
<msg timestamp="20180413 10:11:10.504" level="INFO">{'status': 10021, 'message': 'parameter error'}</msg>
<status status="PASS" starttime="20180413 10:11:10.503" endtime="20180413 10:11:10.504"></status>
</kw>
<kw name="Set Variable" library="BuiltIn">
<doc>Returns the given values which can then be assigned to a variables.</doc>
<arguments>
<arg>${r.json()}</arg>
</arguments>
<assign>
<var>${dict}</var>
</assign>
<msg timestamp="20180413 10:11:10.504" level="INFO">${dict} = {'status': 10021, 'message': 'parameter error'}</msg>
<status status="PASS" starttime="20180413 10:11:10.504" endtime="20180413 10:11:10.504"></status>
</kw>
<kw name="Get From Dictionary" library="Collections">
<doc>Returns a value from the given ``dictionary`` based on the given ``key``.</doc>
<arguments>
<arg>${dict}</arg>
<arg>message</arg>
</arguments>
<assign>
<var>${msg}</var>
</assign>
<msg timestamp="20180413 10:11:10.504" level="INFO">${msg} = parameter error</msg>
<status status="PASS" starttime="20180413 10:11:10.504" endtime="20180413 10:11:10.505"></status>
</kw>
<kw name="Should Be Equal" library="BuiltIn">
<doc>Fails if the given objects are unequal.</doc>
<arguments>
<arg>${msg}</arg>
<arg>parameter error</arg>
</arguments>
<status status="PASS" starttime="20180413 10:11:10.505" endtime="20180413 10:11:10.505"></status>
</kw>
<kw name="Get From Dictionary" library="Collections">
<doc>Returns a value from the given ``dictionary`` based on the given ``key``.</doc>
<arguments>
<arg>${dict}</arg>
<arg>status</arg>
</arguments>
<assign>
<var>${sta}</var>
</assign>
<msg timestamp="20180413 10:11:10.505" level="INFO">${sta} = 10021</msg>
<status status="PASS" starttime="20180413 10:11:10.505" endtime="20180413 10:11:10.505"></status>
</kw>
<kw name="Evaluate" library="BuiltIn">
<doc>Evaluates the given expression in Python and returns the results.</doc>
<arguments>
<arg>int(10021)</arg>
</arguments>
<assign>
<var>${status}</var>
</assign>
<msg timestamp="20180413 10:11:10.506" level="INFO">${status} = 10021</msg>
<status status="PASS" starttime="20180413 10:11:10.505" endtime="20180413 10:11:10.506"></status>
</kw>
<kw name="Should Be Equal" library="BuiltIn">
<doc>Fails if the given objects are unequal.</doc>
<arguments>
<arg>${sta}</arg>
<arg>${status}</arg>
</arguments>
<status status="PASS" starttime="20180413 10:11:10.506" endtime="20180413 10:11:10.506"></status>
</kw>
<status status="PASS" starttime="20180413 10:11:10.456" endtime="20180413 10:11:10.506" critical="yes"></status>
</test>
<status status="PASS" starttime="20180413 10:11:10.296" endtime="20180413 10:11:10.506"></status>
</suite>
<status status="PASS" starttime="20180413 10:11:10.274" endtime="20180413 10:11:10.507"></status>
</suite>
<statistics>
<total>
<stat pass="1" fail="0">Critical Tests</stat>
<stat pass="1" fail="0">All Tests</stat>
</total>
<tag>
</tag>
<suite>
<stat pass="1" fail="0" id="s1" name="Rf Test">Rf Test</stat>
<stat pass="1" fail="0" id="s1-s1" name="Test If">Rf Test.Test If</stat>
</suite>
</statistics>
<errors>
</errors>
</robot>
