<?xml version="1.0" encoding="UTF-8"?>
<robot generator="Robot 3.0.3 (Python 3.6.5 on win32)" generated="20180410 16:05:39.684">
<suite id="s1" name="Rf Test" source="D:\PycharmProjects\itest\guest\rf_test">
<suite id="s1-s1" name="Test If" source="D:\PycharmProjects\itest\guest\rf_test\test_if.robot">
<test id="s1-s1-t1" name="testget">
<kw name="Create Dictionary" library="BuiltIn">
<doc>Creates and returns a dictionary based on the given ``items``.</doc>
<arguments>
<arg>eid=1</arg>
</arguments>
<assign>
<var>${payload}</var>
</assign>
<msg timestamp="20180410 16:05:39.886" level="INFO">${payload} = {'eid': '1'}</msg>
<status status="PASS" starttime="20180410 16:05:39.886" endtime="20180410 16:05:39.886"></status>
</kw>
<kw name="Create Session" library="RequestsLibrary">
<doc>Create Session: create a HTTP session to a server</doc>
<arguments>
<arg>event</arg>
<arg>http://106.14.172.174:8089/api</arg>
</arguments>
<msg timestamp="20180410 16:05:39.887" level="INFO">Creating Session using : alias=event, url=http://106.14.172.174:8089/api, headers={},                     cookies=None, auth=None, timeout=None, proxies=None, verify=False,                     debug=0 </msg>
<status status="PASS" starttime="20180410 16:05:39.887" endtime="20180410 16:05:39.887"></status>
</kw>
<kw name="Get Request" library="RequestsLibrary">
<doc>Send a GET request on the session object found using the</doc>
<arguments>
<arg>event</arg>
<arg>/get_event_list/</arg>
<arg>params=${payload}</arg>
</arguments>
<assign>
<var>${r}</var>
</assign>
<msg timestamp="20180410 16:05:39.912" level="INFO">Get Request using : alias=event, uri=/get_event_list/, headers=None json=None</msg>
<msg timestamp="20180410 16:05:39.912" level="INFO">${r} = &lt;Response [200]&gt;</msg>
<status status="PASS" starttime="20180410 16:05:39.888" endtime="20180410 16:05:39.912"></status>
</kw>
<kw name="Should Be Equal As Strings" library="BuiltIn">
<doc>Fails if objects are unequal after converting them to strings.</doc>
<arguments>
<arg>${r.status_code}</arg>
<arg>200</arg>
</arguments>
<msg timestamp="20180410 16:05:39.913" level="INFO">Argument types are:
&lt;class 'int'&gt;
&lt;type 'unicode'&gt;</msg>
<status status="PASS" starttime="20180410 16:05:39.913" endtime="20180410 16:05:39.913"></status>
</kw>
<kw name="Log" library="BuiltIn">
<doc>Logs the given message with the given level.</doc>
<arguments>
<arg>${r.json()}</arg>
</arguments>
<msg timestamp="20180410 16:05:39.914" level="INFO">{'status': 200, 'message': 'success', 'data': {'start_time': '2016-11-21T15:25:19', 'address': '北京', 'status': True, 'limit': 2000, 'name': '小米手机发布会', 'eid': 1}}</msg>
<status status="PASS" starttime="20180410 16:05:39.914" endtime="20180410 16:05:39.914"></status>
</kw>
<kw name="Set Variable" library="BuiltIn">
<doc>Returns the given values which can then be assigned to a variables.</doc>
<arguments>
<arg>${r.json()}</arg>
</arguments>
<assign>
<var>${dict}</var>
</assign>
<msg timestamp="20180410 16:05:39.915" level="INFO">${dict} = {'status': 200, 'message': 'success', 'data': {'start_time': '2016-11-21T15:25:19', 'address': '北京', 'status': True, 'limit': 2000, 'name': '小米手机发布会', 'eid': 1}}</msg>
<status status="PASS" starttime="20180410 16:05:39.914" endtime="20180410 16:05:39.915"></status>
</kw>
<kw name="Get From Dictionary" library="Collections">
<doc>Returns a value from the given ``dictionary`` based on the given ``key``.</doc>
<arguments>
<arg>${dict}</arg>
<arg>message</arg>
</arguments>
<assign>
<var>${msg}</var>
</assign>
<msg timestamp="20180410 16:05:39.915" level="INFO">${msg} = success</msg>
<status status="PASS" starttime="20180410 16:05:39.915" endtime="20180410 16:05:39.916"></status>
</kw>
<kw name="Should Be Equal" library="BuiltIn">
<doc>Fails if the given objects are unequal.</doc>
<arguments>
<arg>${msg}</arg>
<arg>success</arg>
</arguments>
<status status="PASS" starttime="20180410 16:05:39.916" endtime="20180410 16:05:39.916"></status>
</kw>
<kw name="Get From Dictionary" library="Collections">
<doc>Returns a value from the given ``dictionary`` based on the given ``key``.</doc>
<arguments>
<arg>${dict}</arg>
<arg>status</arg>
</arguments>
<assign>
<var>${sta}</var>
</assign>
<msg timestamp="20180410 16:05:39.917" level="INFO">${sta} = 200</msg>
<status status="PASS" starttime="20180410 16:05:39.917" endtime="20180410 16:05:39.917"></status>
</kw>
<kw name="Evaluate" library="BuiltIn">
<doc>Evaluates the given expression in Python and returns the results.</doc>
<arguments>
<arg>int(200)</arg>
</arguments>
<assign>
<var>${status}</var>
</assign>
<msg timestamp="20180410 16:05:39.918" level="INFO">${status} = 200</msg>
<status status="PASS" starttime="20180410 16:05:39.917" endtime="20180410 16:05:39.918"></status>
</kw>
<kw name="Should Be Equal" library="BuiltIn">
<doc>Fails if the given objects are unequal.</doc>
<arguments>
<arg>${sta}</arg>
<arg>${status}</arg>
</arguments>
<status status="PASS" starttime="20180410 16:05:39.918" endtime="20180410 16:05:39.918"></status>
</kw>
<status status="PASS" starttime="20180410 16:05:39.885" endtime="20180410 16:05:39.919" critical="yes"></status>
</test>
<test id="s1-s1-t2" name="testpost">
<kw name="Create Session" library="RequestsLibrary">
<doc>Create Session: create a HTTP session to a server</doc>
<arguments>
<arg>event</arg>
<arg>http://106.14.172.174:8089/api</arg>
</arguments>
<msg timestamp="20180410 16:05:39.920" level="INFO">Creating Session using : alias=event, url=http://106.14.172.174:8089/api, headers={},                     cookies=None, auth=None, timeout=None, proxies=None, verify=False,                     debug=0 </msg>
<status status="PASS" starttime="20180410 16:05:39.920" endtime="20180410 16:05:39.920"></status>
</kw>
<kw name="Create Dictionary" library="BuiltIn">
<doc>Creates and returns a dictionary based on the given ``items``.</doc>
<arguments>
<arg>Content-Type=application/x-www-form-urlencoded</arg>
</arguments>
<assign>
<var>&amp;{headers}</var>
</assign>
<msg timestamp="20180410 16:05:39.921" level="INFO">&amp;{headers} = { Content-Type=application/x-www-form-urlencoded }</msg>
<status status="PASS" starttime="20180410 16:05:39.920" endtime="20180410 16:05:39.921"></status>
</kw>
<kw name="Create Dictionary" library="BuiltIn">
<doc>Creates and returns a dictionary based on the given ``items``.</doc>
<arguments>
<arg>eid=1</arg>
</arguments>
<assign>
<var>&amp;{payload}</var>
</assign>
<msg timestamp="20180410 16:05:39.921" level="INFO">&amp;{payload} = { eid=1 }</msg>
<status status="PASS" starttime="20180410 16:05:39.921" endtime="20180410 16:05:39.921"></status>
</kw>
<kw name="Post Request" library="RequestsLibrary">
<doc>Send a POST request on the session object found using the</doc>
<arguments>
<arg>event</arg>
<arg>/add_event/</arg>
<arg>data=${payload}</arg>
<arg>headers=${headers}</arg>
</arguments>
<assign>
<var>${r}</var>
</assign>
<msg timestamp="20180410 16:05:39.942" level="INFO">Post Request using : alias=event, uri=/add_event/, data=eid=1, headers={'Content-Type': 'application/x-www-form-urlencoded'}, files=None, allow_redirects=True </msg>
<msg timestamp="20180410 16:05:39.942" level="INFO">${r} = &lt;Response [200]&gt;</msg>
<status status="PASS" starttime="20180410 16:05:39.922" endtime="20180410 16:05:39.942"></status>
</kw>
<kw name="Should Be Equal As Strings" library="BuiltIn">
<doc>Fails if objects are unequal after converting them to strings.</doc>
<arguments>
<arg>${r.status_code}</arg>
<arg>200</arg>
</arguments>
<msg timestamp="20180410 16:05:39.943" level="INFO">Argument types are:
&lt;class 'int'&gt;
&lt;type 'unicode'&gt;</msg>
<status status="PASS" starttime="20180410 16:05:39.943" endtime="20180410 16:05:39.943"></status>
</kw>
<kw name="Log" library="BuiltIn">
<doc>Logs the given message with the given level.</doc>
<arguments>
<arg>${r.json()}</arg>
</arguments>
<msg timestamp="20180410 16:05:39.944" level="INFO">{'status': 10021, 'message': 'parameter error'}</msg>
<status status="PASS" starttime="20180410 16:05:39.944" endtime="20180410 16:05:39.944"></status>
</kw>
<kw name="Set Variable" library="BuiltIn">
<doc>Returns the given values which can then be assigned to a variables.</doc>
<arguments>
<arg>${r.json()}</arg>
</arguments>
<assign>
<var>${dict}</var>
</assign>
<msg timestamp="20180410 16:05:39.945" level="INFO">${dict} = {'status': 10021, 'message': 'parameter error'}</msg>
<status status="PASS" starttime="20180410 16:05:39.945" endtime="20180410 16:05:39.945"></status>
</kw>
<kw name="Get From Dictionary" library="Collections">
<doc>Returns a value from the given ``dictionary`` based on the given ``key``.</doc>
<arguments>
<arg>${dict}</arg>
<arg>message</arg>
</arguments>
<assign>
<var>${msg}</var>
</assign>
<msg timestamp="20180410 16:05:39.946" level="INFO">${msg} = parameter error</msg>
<status status="PASS" starttime="20180410 16:05:39.945" endtime="20180410 16:05:39.946"></status>
</kw>
<kw name="Should Be Equal" library="BuiltIn">
<doc>Fails if the given objects are unequal.</doc>
<arguments>
<arg>${msg}</arg>
<arg>parameter error</arg>
</arguments>
<status status="PASS" starttime="20180410 16:05:39.946" endtime="20180410 16:05:39.946"></status>
</kw>
<kw name="Get From Dictionary" library="Collections">
<doc>Returns a value from the given ``dictionary`` based on the given ``key``.</doc>
<arguments>
<arg>${dict}</arg>
<arg>status</arg>
</arguments>
<assign>
<var>${sta}</var>
</assign>
<msg timestamp="20180410 16:05:39.947" level="INFO">${sta} = 10021</msg>
<status status="PASS" starttime="20180410 16:05:39.947" endtime="20180410 16:05:39.947"></status>
</kw>
<kw name="Evaluate" library="BuiltIn">
<doc>Evaluates the given expression in Python and returns the results.</doc>
<arguments>
<arg>int(10021)</arg>
</arguments>
<assign>
<var>${status}</var>
</assign>
<msg timestamp="20180410 16:05:39.948" level="INFO">${status} = 10021</msg>
<status status="PASS" starttime="20180410 16:05:39.948" endtime="20180410 16:05:39.948"></status>
</kw>
<kw name="Should Be Equal" library="BuiltIn">
<doc>Fails if the given objects are unequal.</doc>
<arguments>
<arg>${sta}</arg>
<arg>${status}</arg>
</arguments>
<status status="PASS" starttime="20180410 16:05:39.948" endtime="20180410 16:05:39.948"></status>
</kw>
<status status="PASS" starttime="20180410 16:05:39.919" endtime="20180410 16:05:39.949" critical="yes"></status>
</test>
<status status="PASS" starttime="20180410 16:05:39.713" endtime="20180410 16:05:39.949"></status>
</suite>
<status status="PASS" starttime="20180410 16:05:39.688" endtime="20180410 16:05:39.951"></status>
</suite>
<statistics>
<total>
<stat pass="2" fail="0">Critical Tests</stat>
<stat pass="2" fail="0">All Tests</stat>
</total>
<tag>
</tag>
<suite>
<stat pass="2" fail="0" id="s1" name="Rf Test">Rf Test</stat>
<stat pass="2" fail="0" id="s1-s1" name="Test If">Rf Test.Test If</stat>
</suite>
</statistics>
<errors>
</errors>
</robot>
